<?xml version="1.0" encoding="UTF-8"?>
<!-- Generated by org.testng.reporters.JUnitReportReporter -->
<testsuite hostname="DESKTOP-TJCOHS1" failures="0" tests="3" name="practiceExp.psk" time="0.012" errors="0" timestamp="2023-07-28T11:30:38 IST" skipped="0">
  <testcase classname="practiceExp.psk" name="test3" time="0.002"/>
  <system-out/>
  <testcase classname="practiceExp.psk" name="test1" time="0.008"/>
  <system-out/>
  <testcase classname="practiceExp.psk" name="test2" time="0.002"/>
  <system-out/>
</testsuite> <!-- practiceExp.psk -->
